2023-10-30 10:13:32 - PHP Unknown:  Return type of Twig\Node\Node::count() should either be compatible with Countable::count(): int, or the #[\ReturnTypeWillChange] attribute should be used to temporarily suppress the notice in C:\OSPanel\domains\oc3.loc\system\storage\vendor\twig\twig\src\Node\Node.php on line 161
2023-10-30 10:13:32 - PHP Unknown:  Return type of Twig\Node\Node::getIterator() should either be compatible with IteratorAggregate::getIterator(): Traversable, or the #[\ReturnTypeWillChange] attribute should be used to temporarily suppress the notice in C:\OSPanel\domains\oc3.loc\system\storage\vendor\twig\twig\src\Node\Node.php on line 166
2023-12-12 16:10:08 - PHP Unknown:  mysqli::real_escape_string(): Passing null to parameter #1 ($string) of type string is deprecated in C:\OSPanel\domains\oc3.loc\system\library\db\mysqli.php on line 53
2023-12-12 16:10:08 - PHP Unknown:  Automatic conversion of false to array is deprecated in C:\OSPanel\domains\oc3.loc\catalog\controller\startup\startup.php on line 103
2023-12-12 16:10:08 - PHP Unknown:  Return type of Twig\Node\Node::count() should either be compatible with Countable::count(): int, or the #[\ReturnTypeWillChange] attribute should be used to temporarily suppress the notice in C:\OSPanel\domains\oc3.loc\system\storage\vendor\twig\twig\src\Node\Node.php on line 161
2023-12-12 16:10:08 - PHP Unknown:  Return type of Twig\Node\Node::getIterator() should either be compatible with IteratorAggregate::getIterator(): Traversable, or the #[\ReturnTypeWillChange] attribute should be used to temporarily suppress the notice in C:\OSPanel\domains\oc3.loc\system\storage\vendor\twig\twig\src\Node\Node.php on line 166
2023-12-12 16:10:08 - PHP Unknown:  round(): Passing null to parameter #1 ($num) of type int|float is deprecated in C:\OSPanel\domains\oc3.loc\catalog\model\catalog\product.php on line 45
2023-12-12 16:10:08 - PHP Unknown:  round(): Passing null to parameter #1 ($num) of type int|float is deprecated in C:\OSPanel\domains\oc3.loc\catalog\model\catalog\product.php on line 45
2023-12-12 16:10:08 - PHP Unknown:  round(): Passing null to parameter #1 ($num) of type int|float is deprecated in C:\OSPanel\domains\oc3.loc\catalog\model\catalog\product.php on line 45
2023-12-12 16:10:08 - PHP Unknown:  round(): Passing null to parameter #1 ($num) of type int|float is deprecated in C:\OSPanel\domains\oc3.loc\catalog\model\catalog\product.php on line 45
2023-12-12 16:10:25 - PHP Unknown:  mysqli::real_escape_string(): Passing null to parameter #1 ($string) of type string is deprecated in C:\OSPanel\domains\oc3.loc\system\library\db\mysqli.php on line 53
2023-12-12 16:10:25 - PHP Unknown:  round(): Passing null to parameter #1 ($num) of type int|float is deprecated in C:\OSPanel\domains\oc3.loc\catalog\model\catalog\product.php on line 45
2023-12-12 16:10:25 - PHP Unknown:  round(): Passing null to parameter #1 ($num) of type int|float is deprecated in C:\OSPanel\domains\oc3.loc\catalog\model\catalog\product.php on line 45
2023-12-12 16:10:25 - PHP Unknown:  round(): Passing null to parameter #1 ($num) of type int|float is deprecated in C:\OSPanel\domains\oc3.loc\catalog\model\catalog\product.php on line 45
2023-12-12 16:10:25 - PHP Unknown:  round(): Passing null to parameter #1 ($num) of type int|float is deprecated in C:\OSPanel\domains\oc3.loc\catalog\model\catalog\product.php on line 45
2023-12-12 16:10:34 - PHP Unknown:  mysqli::real_escape_string(): Passing null to parameter #1 ($string) of type string is deprecated in C:\OSPanel\domains\oc3.loc\system\library\db\mysqli.php on line 53
2023-12-12 16:10:34 - PHP Unknown:  round(): Passing null to parameter #1 ($num) of type int|float is deprecated in C:\OSPanel\domains\oc3.loc\catalog\model\catalog\product.php on line 45
2023-12-12 16:10:34 - PHP Unknown:  round(): Passing null to parameter #1 ($num) of type int|float is deprecated in C:\OSPanel\domains\oc3.loc\catalog\model\catalog\product.php on line 45
2023-12-12 16:10:34 - PHP Unknown:  round(): Passing null to parameter #1 ($num) of type int|float is deprecated in C:\OSPanel\domains\oc3.loc\catalog\model\catalog\product.php on line 45
2023-12-12 16:10:34 - PHP Unknown:  round(): Passing null to parameter #1 ($num) of type int|float is deprecated in C:\OSPanel\domains\oc3.loc\catalog\model\catalog\product.php on line 45
2023-12-12 16:10:36 - PHP Unknown:  mysqli::real_escape_string(): Passing null to parameter #1 ($string) of type string is deprecated in C:\OSPanel\domains\oc3.loc\system\library\db\mysqli.php on line 53
2023-12-12 16:10:36 - PHP Unknown:  Return type of Twig\Node\Node::count() should either be compatible with Countable::count(): int, or the #[\ReturnTypeWillChange] attribute should be used to temporarily suppress the notice in C:\OSPanel\domains\oc3.loc\system\storage\vendor\twig\twig\src\Node\Node.php on line 161
2023-12-12 16:10:36 - PHP Unknown:  Return type of Twig\Node\Node::getIterator() should either be compatible with IteratorAggregate::getIterator(): Traversable, or the #[\ReturnTypeWillChange] attribute should be used to temporarily suppress the notice in C:\OSPanel\domains\oc3.loc\system\storage\vendor\twig\twig\src\Node\Node.php on line 166
2023-12-12 16:10:39 - PHP Unknown:  mysqli::real_escape_string(): Passing null to parameter #1 ($string) of type string is deprecated in C:\OSPanel\domains\oc3.loc\system\library\db\mysqli.php on line 53
2023-12-12 16:10:40 - PHP Unknown:  mysqli::real_escape_string(): Passing null to parameter #1 ($string) of type string is deprecated in C:\OSPanel\domains\oc3.loc\system\library\db\mysqli.php on line 53
2023-12-12 16:10:41 - PHP Unknown:  mysqli::real_escape_string(): Passing null to parameter #1 ($string) of type string is deprecated in C:\OSPanel\domains\oc3.loc\system\library\db\mysqli.php on line 53
2023-12-12 16:10:44 - PHP Unknown:  mysqli::real_escape_string(): Passing null to parameter #1 ($string) of type string is deprecated in C:\OSPanel\domains\oc3.loc\system\library\db\mysqli.php on line 53
2023-12-12 16:10:44 - PHP Unknown:  Return type of Twig\Node\Node::count() should either be compatible with Countable::count(): int, or the #[\ReturnTypeWillChange] attribute should be used to temporarily suppress the notice in C:\OSPanel\domains\oc3.loc\system\storage\vendor\twig\twig\src\Node\Node.php on line 161
2023-12-12 16:10:44 - PHP Unknown:  Return type of Twig\Node\Node::getIterator() should either be compatible with IteratorAggregate::getIterator(): Traversable, or the #[\ReturnTypeWillChange] attribute should be used to temporarily suppress the notice in C:\OSPanel\domains\oc3.loc\system\storage\vendor\twig\twig\src\Node\Node.php on line 166
2023-12-12 16:10:46 - PHP Unknown:  mysqli::real_escape_string(): Passing null to parameter #1 ($string) of type string is deprecated in C:\OSPanel\domains\oc3.loc\system\library\db\mysqli.php on line 53
2023-12-12 16:10:46 - PHP Unknown:  round(): Passing null to parameter #1 ($num) of type int|float is deprecated in C:\OSPanel\domains\oc3.loc\catalog\model\catalog\product.php on line 45
2023-12-12 16:10:50 - PHP Unknown:  mysqli::real_escape_string(): Passing null to parameter #1 ($string) of type string is deprecated in C:\OSPanel\domains\oc3.loc\system\library\db\mysqli.php on line 53
2023-12-12 16:10:50 - PHP Unknown:  round(): Passing null to parameter #1 ($num) of type int|float is deprecated in C:\OSPanel\domains\oc3.loc\catalog\model\catalog\product.php on line 45
2023-12-12 16:10:50 - PHP Unknown:  round(): Passing null to parameter #1 ($num) of type int|float is deprecated in C:\OSPanel\domains\oc3.loc\catalog\model\catalog\product.php on line 45
2023-12-12 16:10:50 - PHP Unknown:  Return type of Twig\Node\Node::count() should either be compatible with Countable::count(): int, or the #[\ReturnTypeWillChange] attribute should be used to temporarily suppress the notice in C:\OSPanel\domains\oc3.loc\system\storage\vendor\twig\twig\src\Node\Node.php on line 161
2023-12-12 16:10:50 - PHP Unknown:  Return type of Twig\Node\Node::getIterator() should either be compatible with IteratorAggregate::getIterator(): Traversable, or the #[\ReturnTypeWillChange] attribute should be used to temporarily suppress the notice in C:\OSPanel\domains\oc3.loc\system\storage\vendor\twig\twig\src\Node\Node.php on line 166
